{"timestamp":"2026-04-10T08:52:04.394760Z","level":"INFO","fields":{"message":"python/3.14.3; huggingface_hub/1.10.1; , xet-core revision b24e739-modified"},"filename":"D:\\a\\xet-core\\xet-core\\xet_runtime\\src\\logging\\init.rs","line_number":65}
{"timestamp":"2026-04-10T08:52:04.394794Z","level":"INFO","fields":{"message":"hf_xet logging cofigured."},"filename":"src\\logging.rs","line_number":43}
{"timestamp":"2026-04-10T08:52:04.718464Z","level":"INFO","fields":{"message":"Config: min_spacing_between_global_dedup_queries = 256 (default)"},"filename":"D:\\a\\xet-core\\xet-core\\xet_runtime\\src\\utils\\configuration_utils.rs","line_number":39}
{"timestamp":"2026-04-10T08:52:04.718490Z","level":"INFO","fields":{"message":"Config: local_cas_scheme = \"local://\" (default)"},"filename":"D:\\a\\xet-core\\xet-core\\xet_runtime\\src\\utils\\configuration_utils.rs","line_number":39}
{"timestamp":"2026-04-10T08:52:04.718495Z","level":"INFO","fields":{"message":"Config: max_concurrent_file_ingestion = 8 (default)"},"filename":"D:\\a\\xet-core\\xet-core\\xet_runtime\\src\\utils\\configuration_utils.rs","line_number":39}
{"timestamp":"2026-04-10T08:52:04.718498Z","level":"INFO","fields":{"message":"Config: max_concurrent_file_downloads = 8 (default)"},"filename":"D:\\a\\xet-core\\xet-core\\xet_runtime\\src\\utils\\configuration_utils.rs","line_number":39}
{"timestamp":"2026-04-10T08:52:04.718501Z","level":"INFO","fields":{"message":"Config: ingestion_block_size = 8MB (default)"},"filename":"D:\\a\\xet-core\\xet-core\\xet_runtime\\src\\utils\\configuration_utils.rs","line_number":39}
{"timestamp":"2026-04-10T08:52:04.718505Z","level":"INFO","fields":{"message":"Config: progress_update_interval = 200ms (default)"},"filename":"D:\\a\\xet-core\\xet-core\\xet_runtime\\src\\utils\\configuration_utils.rs","line_number":39}
{"timestamp":"2026-04-10T08:52:04.718509Z","level":"INFO","fields":{"message":"Config: progress_update_speed_sampling_window = 10s (default)"},"filename":"D:\\a\\xet-core\\xet-core\\xet_runtime\\src\\utils\\configuration_utils.rs","line_number":39}
{"timestamp":"2026-04-10T08:52:04.718512Z","level":"INFO","fields":{"message":"Config: session_xorb_metadata_flush_interval = 20s (default)"},"filename":"D:\\a\\xet-core\\xet-core\\xet_runtime\\src\\utils\\configuration_utils.rs","line_number":39}
{"timestamp":"2026-04-10T08:52:04.718515Z","level":"INFO","fields":{"message":"Config: session_xorb_metadata_flush_max_count = 64 (default)"},"filename":"D:\\a\\xet-core\\xet-core\\xet_runtime\\src\\utils\\configuration_utils.rs","line_number":39}
{"timestamp":"2026-04-10T08:52:04.718517Z","level":"INFO","fields":{"message":"Config: default_cas_endpoint = \"http://localhost:8080\" (default)"},"filename":"D:\\a\\xet-core\\xet-core\\xet_runtime\\src\\utils\\configuration_utils.rs","line_number":39}
{"timestamp":"2026-04-10T08:52:04.718520Z","level":"INFO","fields":{"message":"Config: target_size = 67108864 (default)"},"filename":"D:\\a\\xet-core\\xet-core\\xet_runtime\\src\\utils\\configuration_utils.rs","line_number":39}
{"timestamp":"2026-04-10T08:52:04.718525Z","level":"INFO","fields":{"message":"Config: max_target_size = 67108864 (default)"},"filename":"D:\\a\\xet-core\\xet-core\\xet_runtime\\src\\utils\\configuration_utils.rs","line_number":39}
{"timestamp":"2026-04-10T08:52:04.718528Z","level":"INFO","fields":{"message":"Config: cache_size_limit = 16GB (default)"},"filename":"D:\\a\\xet-core\\xet-core\\xet_runtime\\src\\utils\\configuration_utils.rs","line_number":39}
{"timestamp":"2026-04-10T08:52:04.718531Z","level":"INFO","fields":{"message":"Config: chunk_index_table_max_size = 67108864 (default)"},"filename":"D:\\a\\xet-core\\xet-core\\xet_runtime\\src\\utils\\configuration_utils.rs","line_number":39}
{"timestamp":"2026-04-10T08:52:04.718533Z","level":"INFO","fields":{"message":"Config: nranges_in_streaming_fragmentation_estimator = 128 (default)"},"filename":"D:\\a\\xet-core\\xet-core\\xet_runtime\\src\\utils\\configuration_utils.rs","line_number":39}
{"timestamp":"2026-04-10T08:52:04.718536Z","level":"INFO","fields":{"message":"Config: min_n_chunks_per_range_hysteresis_factor = 0.5 (default)"},"filename":"D:\\a\\xet-core\\xet-core\\xet_runtime\\src\\utils\\configuration_utils.rs","line_number":39}
{"timestamp":"2026-04-10T08:52:04.718546Z","level":"INFO","fields":{"message":"Config: min_n_chunks_per_range = 8.0 (default)"},"filename":"D:\\a\\xet-core\\xet-core\\xet_runtime\\src\\utils\\configuration_utils.rs","line_number":39}
{"timestamp":"2026-04-10T08:52:04.718548Z","level":"INFO","fields":{"message":"Config: size_bytes = 0 (default)"},"filename":"D:\\a\\xet-core\\xet-core\\xet_runtime\\src\\utils\\configuration_utils.rs","line_number":39}
{"timestamp":"2026-04-10T08:52:04.718550Z","level":"INFO","fields":{"message":"Config: retry_max_attempts = 5 (default)"},"filename":"D:\\a\\xet-core\\xet-core\\xet_runtime\\src\\utils\\configuration_utils.rs","line_number":39}
{"timestamp":"2026-04-10T08:52:04.718552Z","level":"INFO","fields":{"message":"Config: retry_base_delay = 3s (default)"},"filename":"D:\\a\\xet-core\\xet-core\\xet_runtime\\src\\utils\\configuration_utils.rs","line_number":39}
{"timestamp":"2026-04-10T08:52:04.718555Z","level":"INFO","fields":{"message":"Config: retry_max_duration = 360s (default)"},"filename":"D:\\a\\xet-core\\xet-core\\xet_runtime\\src\\utils\\configuration_utils.rs","line_number":39}
{"timestamp":"2026-04-10T08:52:04.718558Z","level":"INFO","fields":{"message":"Config: idle_connection_timeout = 60s (default)"},"filename":"D:\\a\\xet-core\\xet-core\\xet_runtime\\src\\utils\\configuration_utils.rs","line_number":39}
{"timestamp":"2026-04-10T08:52:04.718560Z","level":"INFO","fields":{"message":"Config: max_idle_connections = 16 (default)"},"filename":"D:\\a\\xet-core\\xet-core\\xet_runtime\\src\\utils\\configuration_utils.rs","line_number":39}
{"timestamp":"2026-04-10T08:52:04.718562Z","level":"INFO","fields":{"message":"Config: connect_timeout = 60s (default)"},"filename":"D:\\a\\xet-core\\xet-core\\xet_runtime\\src\\utils\\configuration_utils.rs","line_number":39}
{"timestamp":"2026-04-10T08:52:04.718564Z","level":"INFO","fields":{"message":"Config: read_timeout = 120s (default)"},"filename":"D:\\a\\xet-core\\xet-core\\xet_runtime\\src\\utils\\configuration_utils.rs","line_number":39}
{"timestamp":"2026-04-10T08:52:04.718567Z","level":"INFO","fields":{"message":"Config: upload_reporting_block_size = 524288 (default)"},"filename":"D:\\a\\xet-core\\xet-core\\xet_runtime\\src\\utils\\configuration_utils.rs","line_number":39}
{"timestamp":"2026-04-10T08:52:04.718569Z","level":"INFO","fields":{"message":"Config: enable_adaptive_concurrency = true (default)"},"filename":"D:\\a\\xet-core\\xet-core\\xet_runtime\\src\\utils\\configuration_utils.rs","line_number":39}
{"timestamp":"2026-04-10T08:52:04.718571Z","level":"INFO","fields":{"message":"Config: ac_min_adjustment_window_ms = 500 (default)"},"filename":"D:\\a\\xet-core\\xet-core\\xet_runtime\\src\\utils\\configuration_utils.rs","line_number":39}
{"timestamp":"2026-04-10T08:52:04.718574Z","level":"INFO","fields":{"message":"Config: ac_min_bytes_required_for_adjustment = 20MB (default)"},"filename":"D:\\a\\xet-core\\xet-core\\xet_runtime\\src\\utils\\configuration_utils.rs","line_number":39}
{"timestamp":"2026-04-10T08:52:04.718576Z","level":"INFO","fields":{"message":"Config: ac_num_transmissions_required_for_adjustment = 1 (default)"},"filename":"D:\\a\\xet-core\\xet-core\\xet_runtime\\src\\utils\\configuration_utils.rs","line_number":39}
{"timestamp":"2026-04-10T08:52:04.718578Z","level":"INFO","fields":{"message":"Config: ac_latency_rtt_half_life = 64.0 (default)"},"filename":"D:\\a\\xet-core\\xet-core\\xet_runtime\\src\\utils\\configuration_utils.rs","line_number":39}
{"timestamp":"2026-04-10T08:52:04.718583Z","level":"INFO","fields":{"message":"Config: ac_success_tracking_half_life = 8.0 (default)"},"filename":"D:\\a\\xet-core\\xet-core\\xet_runtime\\src\\utils\\configuration_utils.rs","line_number":39}
{"timestamp":"2026-04-10T08:52:04.718585Z","level":"INFO","fields":{"message":"Config: ac_target_rtt = 60s (default)"},"filename":"D:\\a\\xet-core\\xet-core\\xet_runtime\\src\\utils\\configuration_utils.rs","line_number":39}
{"timestamp":"2026-04-10T08:52:04.718587Z","level":"INFO","fields":{"message":"Config: ac_max_healthy_rtt = 90s (default)"},"filename":"D:\\a\\xet-core\\xet-core\\xet_runtime\\src\\utils\\configuration_utils.rs","line_number":39}
{"timestamp":"2026-04-10T08:52:04.718590Z","level":"INFO","fields":{"message":"Config: ac_rtt_success_max_quantile = 0.95 (default)"},"filename":"D:\\a\\xet-core\\xet-core\\xet_runtime\\src\\utils\\configuration_utils.rs","line_number":39}
{"timestamp":"2026-04-10T08:52:04.718592Z","level":"INFO","fields":{"message":"Config: ac_healthy_success_ratio_threshold = 0.8 (default)"},"filename":"D:\\a\\xet-core\\xet-core\\xet_runtime\\src\\utils\\configuration_utils.rs","line_number":39}
{"timestamp":"2026-04-10T08:52:04.718594Z","level":"INFO","fields":{"message":"Config: ac_unhealthy_success_ratio_threshold = 0.5 (default)"},"filename":"D:\\a\\xet-core\\xet-core\\xet_runtime\\src\\utils\\configuration_utils.rs","line_number":39}
{"timestamp":"2026-04-10T08:52:04.718597Z","level":"INFO","fields":{"message":"Config: ac_target_rtt_transmission_size = 67108864 (default)"},"filename":"D:\\a\\xet-core\\xet-core\\xet_runtime\\src\\utils\\configuration_utils.rs","line_number":39}
{"timestamp":"2026-04-10T08:52:04.718599Z","level":"INFO","fields":{"message":"Config: ac_logging_interval_ms = 10000 (default)"},"filename":"D:\\a\\xet-core\\xet-core\\xet_runtime\\src\\utils\\configuration_utils.rs","line_number":39}
{"timestamp":"2026-04-10T08:52:04.718601Z","level":"INFO","fields":{"message":"Config: ac_max_upload_concurrency = 64 (default)"},"filename":"D:\\a\\xet-core\\xet-core\\xet_runtime\\src\\utils\\configuration_utils.rs","line_number":39}
{"timestamp":"2026-04-10T08:52:04.718604Z","level":"INFO","fields":{"message":"Config: ac_min_upload_concurrency = 1 (default)"},"filename":"D:\\a\\xet-core\\xet-core\\xet_runtime\\src\\utils\\configuration_utils.rs","line_number":39}
{"timestamp":"2026-04-10T08:52:04.718606Z","level":"INFO","fields":{"message":"Config: ac_initial_upload_concurrency = 1 (default)"},"filename":"D:\\a\\xet-core\\xet-core\\xet_runtime\\src\\utils\\configuration_utils.rs","line_number":39}
{"timestamp":"2026-04-10T08:52:04.718609Z","level":"INFO","fields":{"message":"Config: ac_max_download_concurrency = 64 (default)"},"filename":"D:\\a\\xet-core\\xet-core\\xet_runtime\\src\\utils\\configuration_utils.rs","line_number":39}
{"timestamp":"2026-04-10T08:52:04.718611Z","level":"INFO","fields":{"message":"Config: ac_min_download_concurrency = 1 (default)"},"filename":"D:\\a\\xet-core\\xet-core\\xet_runtime\\src\\utils\\configuration_utils.rs","line_number":39}
{"timestamp":"2026-04-10T08:52:04.718613Z","level":"INFO","fields":{"message":"Config: ac_initial_download_concurrency = 1 (default)"},"filename":"D:\\a\\xet-core\\xet-core\\xet_runtime\\src\\utils\\configuration_utils.rs","line_number":39}
{"timestamp":"2026-04-10T08:52:04.718615Z","level":"INFO","fields":{"message":"Config: unix_socket_path = None (default)"},"filename":"D:\\a\\xet-core\\xet-core\\xet_runtime\\src\\utils\\configuration_utils.rs","line_number":39}
{"timestamp":"2026-04-10T08:52:04.718619Z","level":"INFO","fields":{"message":"Config: dest = None (default)"},"filename":"D:\\a\\xet-core\\xet-core\\xet_runtime\\src\\utils\\configuration_utils.rs","line_number":39}
{"timestamp":"2026-04-10T08:52:04.718621Z","level":"INFO","fields":{"message":"Config: format = None (default)"},"filename":"D:\\a\\xet-core\\xet-core\\xet_runtime\\src\\utils\\configuration_utils.rs","line_number":39}
{"timestamp":"2026-04-10T08:52:04.718623Z","level":"INFO","fields":{"message":"Config: prefix = \"xet\" (default)"},"filename":"D:\\a\\xet-core\\xet-core\\xet_runtime\\src\\utils\\configuration_utils.rs","line_number":39}
{"timestamp":"2026-04-10T08:52:04.718625Z","level":"INFO","fields":{"message":"Config: dir_disable_cleanup = false (default)"},"filename":"D:\\a\\xet-core\\xet-core\\xet_runtime\\src\\utils\\configuration_utils.rs","line_number":39}
{"timestamp":"2026-04-10T08:52:04.718628Z","level":"INFO","fields":{"message":"Config: dir_max_size = 250MB (default)"},"filename":"D:\\a\\xet-core\\xet-core\\xet_runtime\\src\\utils\\configuration_utils.rs","line_number":39}
{"timestamp":"2026-04-10T08:52:04.718630Z","level":"INFO","fields":{"message":"Config: dir_min_deletion_age = 86400s (default)"},"filename":"D:\\a\\xet-core\\xet-core\\xet_runtime\\src\\utils\\configuration_utils.rs","line_number":39}
{"timestamp":"2026-04-10T08:52:04.718632Z","level":"INFO","fields":{"message":"Config: dir_max_retention_age = 1209600s (default)"},"filename":"D:\\a\\xet-core\\xet-core\\xet_runtime\\src\\utils\\configuration_utils.rs","line_number":39}
{"timestamp":"2026-04-10T08:52:04.718634Z","level":"INFO","fields":{"message":"Config: min_reconstruction_fetch_size = 256MB (default)"},"filename":"D:\\a\\xet-core\\xet-core\\xet_runtime\\src\\utils\\configuration_utils.rs","line_number":39}
{"timestamp":"2026-04-10T08:52:04.718636Z","level":"INFO","fields":{"message":"Config: max_reconstruction_fetch_size = 8GB (default)"},"filename":"D:\\a\\xet-core\\xet-core\\xet_runtime\\src\\utils\\configuration_utils.rs","line_number":39}
{"timestamp":"2026-04-10T08:52:04.718638Z","level":"INFO","fields":{"message":"Config: download_buffer_size = 2GB (default)"},"filename":"D:\\a\\xet-core\\xet-core\\xet_runtime\\src\\utils\\configuration_utils.rs","line_number":39}
{"timestamp":"2026-04-10T08:52:04.718641Z","level":"INFO","fields":{"message":"Config: download_buffer_perfile_size = 512MB (default)"},"filename":"D:\\a\\xet-core\\xet-core\\xet_runtime\\src\\utils\\configuration_utils.rs","line_number":39}
{"timestamp":"2026-04-10T08:52:04.718643Z","level":"INFO","fields":{"message":"Config: download_buffer_limit = 8GB (default)"},"filename":"D:\\a\\xet-core\\xet-core\\xet_runtime\\src\\utils\\configuration_utils.rs","line_number":39}
{"timestamp":"2026-04-10T08:52:04.718645Z","level":"INFO","fields":{"message":"Config: completion_rate_estimator_half_life = 4.0 (default)"},"filename":"D:\\a\\xet-core\\xet-core\\xet_runtime\\src\\utils\\configuration_utils.rs","line_number":39}
{"timestamp":"2026-04-10T08:52:04.718647Z","level":"INFO","fields":{"message":"Config: target_block_completion_time = 900s (default)"},"filename":"D:\\a\\xet-core\\xet-core\\xet_runtime\\src\\utils\\configuration_utils.rs","line_number":39}
{"timestamp":"2026-04-10T08:52:04.718650Z","level":"INFO","fields":{"message":"Config: min_prefetch_buffer = 1GB (default)"},"filename":"D:\\a\\xet-core\\xet-core\\xet_runtime\\src\\utils\\configuration_utils.rs","line_number":39}
{"timestamp":"2026-04-10T08:52:04.718652Z","level":"INFO","fields":{"message":"Config: use_vectored_write = true (default)"},"filename":"D:\\a\\xet-core\\xet-core\\xet_runtime\\src\\utils\\configuration_utils.rs","line_number":39}
{"timestamp":"2026-04-10T08:52:04.718654Z","level":"INFO","fields":{"message":"Config: compression_scheme_retest_interval = 32 (default)"},"filename":"D:\\a\\xet-core\\xet-core\\xet_runtime\\src\\utils\\configuration_utils.rs","line_number":39}
{"timestamp":"2026-04-10T08:52:04.718656Z","level":"INFO","fields":{"message":"Config: enabled = false (default)"},"filename":"D:\\a\\xet-core\\xet-core\\xet_runtime\\src\\utils\\configuration_utils.rs","line_number":39}
{"timestamp":"2026-04-10T08:52:04.718658Z","level":"INFO","fields":{"message":"Config: sample_interval = 5s (default)"},"filename":"D:\\a\\xet-core\\xet-core\\xet_runtime\\src\\utils\\configuration_utils.rs","line_number":39}
{"timestamp":"2026-04-10T08:52:04.718660Z","level":"INFO","fields":{"message":"Config: log_path = None (default)"},"filename":"D:\\a\\xet-core\\xet-core\\xet_runtime\\src\\utils\\configuration_utils.rs","line_number":39}
{"timestamp":"2026-04-10T08:52:04.718675Z","level":"INFO","fields":{"message":"Using 32 async threads for tokio runtime"},"filename":"D:\\a\\xet-core\\xet-core\\xet_runtime\\src\\core\\runtime.rs","line_number":57}
{"timestamp":"2026-04-10T08:52:04.729271Z","level":"INFO","fields":{"message":"Using cache path \"C:\\\\Users\\\\LEGION\\\\Day-07-Lab-Data-Foundations\\\\.hf-cache\\\\xet\"."},"filename":"D:\\a\\xet-core\\xet-core\\xet_data\\src\\processing\\data_client.rs","line_number":43,"span":{"num_files":1,"name":"data_client::download"},"spans":[{"num_files":1,"name":"data_client::download"}]}
{"timestamp":"2026-04-10T08:52:04.730473Z","level":"INFO","fields":{"message":"HTTP client configured","idle_timeout":"60s","max_idle_connections":16,"custom_headers":"Some({\"user-agent\": \"unknown/None; hf_hub/1.10.1; python/3.14.3; torch/2.11.0; transformers/5.5.3; session_id/c4f773d4df1a473c9645cc04a41ff570; file_type/model; framework/pytorch; from_auto_class/True; hf_xet/1.4.3\"})"},"filename":"D:\\a\\xet-core\\xet-core\\xet_client\\src\\cas_client\\http_client.rs","line_number":100,"span":{"num_files":1,"session_id":"01KNV9EQFS5MADMVYA9Y975CRS","name":"data_client::download"},"spans":[{"num_files":1,"session_id":"01KNV9EQFS5MADMVYA9Y975CRS","name":"data_client::download"}]}
{"timestamp":"2026-04-10T08:52:04.730544Z","level":"INFO","fields":{"message":"CAS auth disabled","caller":"D:\\a\\xet-core\\xet-core\\xet_client\\src\\cas_client\\http_client.rs:174"},"filename":"D:\\a\\xet-core\\xet-core\\xet_runtime\\src\\error_printer\\mod.rs","line_number":198,"span":{"num_files":1,"session_id":"01KNV9EQFS5MADMVYA9Y975CRS","name":"data_client::download"},"spans":[{"num_files":1,"session_id":"01KNV9EQFS5MADMVYA9Y975CRS","name":"data_client::download"}]}
{"timestamp":"2026-04-10T08:52:04.730555Z","level":"INFO","fields":{"message":"HTTP client configured","idle_timeout":"60s","max_idle_connections":16,"custom_headers":"Some({\"user-agent\": \"unknown/None; hf_hub/1.10.1; python/3.14.3; torch/2.11.0; transformers/5.5.3; session_id/c4f773d4df1a473c9645cc04a41ff570; file_type/model; framework/pytorch; from_auto_class/True; hf_xet/1.4.3\"})"},"filename":"D:\\a\\xet-core\\xet-core\\xet_client\\src\\cas_client\\http_client.rs","line_number":100,"span":{"num_files":1,"session_id":"01KNV9EQFS5MADMVYA9Y975CRS","name":"data_client::download"},"spans":[{"num_files":1,"session_id":"01KNV9EQFS5MADMVYA9Y975CRS","name":"data_client::download"}]}
{"timestamp":"2026-04-10T08:52:04.730609Z","level":"INFO","fields":{"message":"No-read-timeout HTTP client configured (for shard uploads)","connect_timeout":"60s"},"filename":"D:\\a\\xet-core\\xet-core\\xet_client\\src\\cas_client\\http_client.rs","line_number":143,"span":{"num_files":1,"session_id":"01KNV9EQFS5MADMVYA9Y975CRS","name":"data_client::download"},"spans":[{"num_files":1,"session_id":"01KNV9EQFS5MADMVYA9Y975CRS","name":"data_client::download"}]}
{"timestamp":"2026-04-10T08:52:04.730627Z","level":"INFO","fields":{"message":"Initializing Adaptive Concurrency Controller for upload with starting concurrency = 1; min = 1, max = 64, min_bytes_for_adjustment = 20000000, min_completed_transmissions_for_adjustment = 1"},"filename":"D:\\a\\xet-core\\xet-core\\xet_client\\src\\cas_client\\adaptive_concurrency\\controller.rs","line_number":252,"span":{"num_files":1,"session_id":"01KNV9EQFS5MADMVYA9Y975CRS","name":"data_client::download"},"spans":[{"num_files":1,"session_id":"01KNV9EQFS5MADMVYA9Y975CRS","name":"data_client::download"}]}
{"timestamp":"2026-04-10T08:52:04.730645Z","level":"INFO","fields":{"message":"Initializing Adaptive Concurrency Controller for download with starting concurrency = 1; min = 1, max = 64, min_bytes_for_adjustment = 20000000, min_completed_transmissions_for_adjustment = 1"},"filename":"D:\\a\\xet-core\\xet-core\\xet_client\\src\\cas_client\\adaptive_concurrency\\controller.rs","line_number":252,"span":{"num_files":1,"session_id":"01KNV9EQFS5MADMVYA9Y975CRS","name":"data_client::download"},"spans":[{"num_files":1,"session_id":"01KNV9EQFS5MADMVYA9Y975CRS","name":"data_client::download"}]}
{"timestamp":"2026-04-10T08:52:04.730710Z","level":"INFO","fields":{"message":"Reconstructing file to disk","file_hash":"789fdf16a3e59f4fbfb6002967ecee539a198dadb5be74ca549aa7dc9b1b55fb","byte_range":"None","path":"C:\\Users\\LEGION\\Day-07-Lab-Data-Foundations\\.sentence-transformers\\models--sentence-transformers--all-MiniLM-L6-v2\\blobs\\53aa51172d142c89d9012cce15ae4d6cc0ca6895895114379cacb4fab128d9db.incomplete","write_offset":"None"},"filename":"D:\\a\\xet-core\\xet-core\\xet_data\\src\\file_reconstruction\\file_reconstructor.rs","line_number":107,"span":{"hash":"789fdf16a3e59f4fbfb6002967ecee539a198dadb5be74ca549aa7dc9b1b55fb","name":"FileDownloadSession::download_file_with_updater"},"spans":[{"num_files":1,"session_id":"01KNV9EQFS5MADMVYA9Y975CRS","name":"data_client::download"},{"name":"download_file"},{"hash":"789fdf16a3e59f4fbfb6002967ecee539a198dadb5be74ca549aa7dc9b1b55fb","name":"FileDownloadSession::download_file_with_updater"}]}
{"timestamp":"2026-04-10T08:52:04.731313Z","level":"INFO","fields":{"message":"Scheduling prefetch block","file_hash":"789fdf16a3e59f4fbfb6002967ecee539a198dadb5be74ca549aa7dc9b1b55fb","prefetch_range":"(0, 256000000)","requested_block_size":256000000,"actual_block_size":256000000,"queue_depth":1},"filename":"D:\\a\\xet-core\\xet-core\\xet_data\\src\\file_reconstruction\\reconstruction_terms\\manager.rs","line_number":252,"span":{"hash":"789fdf16a3e59f4fbfb6002967ecee539a198dadb5be74ca549aa7dc9b1b55fb","name":"FileDownloadSession::download_file_with_updater"},"spans":[{"num_files":1,"session_id":"01KNV9EQFS5MADMVYA9Y975CRS","name":"data_client::download"},{"name":"download_file"},{"hash":"789fdf16a3e59f4fbfb6002967ecee539a198dadb5be74ca549aa7dc9b1b55fb","name":"FileDownloadSession::download_file_with_updater"}]}
{"timestamp":"2026-04-10T08:52:04.731347Z","level":"INFO","fields":{"message":"Scheduling prefetch block","file_hash":"789fdf16a3e59f4fbfb6002967ecee539a198dadb5be74ca549aa7dc9b1b55fb","prefetch_range":"(256000000, 768000000)","requested_block_size":512000000,"actual_block_size":512000000,"queue_depth":2},"filename":"D:\\a\\xet-core\\xet-core\\xet_data\\src\\file_reconstruction\\reconstruction_terms\\manager.rs","line_number":252,"span":{"hash":"789fdf16a3e59f4fbfb6002967ecee539a198dadb5be74ca549aa7dc9b1b55fb","name":"FileDownloadSession::download_file_with_updater"},"spans":[{"num_files":1,"session_id":"01KNV9EQFS5MADMVYA9Y975CRS","name":"data_client::download"},{"name":"download_file"},{"hash":"789fdf16a3e59f4fbfb6002967ecee539a198dadb5be74ca549aa7dc9b1b55fb","name":"FileDownloadSession::download_file_with_updater"}]}
{"timestamp":"2026-04-10T08:52:04.731366Z","level":"INFO","fields":{"message":"Scheduling prefetch block","file_hash":"789fdf16a3e59f4fbfb6002967ecee539a198dadb5be74ca549aa7dc9b1b55fb","prefetch_range":"(768000000, 1024000000)","requested_block_size":256000000,"actual_block_size":256000000,"queue_depth":3},"filename":"D:\\a\\xet-core\\xet-core\\xet_data\\src\\file_reconstruction\\reconstruction_terms\\manager.rs","line_number":252,"span":{"hash":"789fdf16a3e59f4fbfb6002967ecee539a198dadb5be74ca549aa7dc9b1b55fb","name":"FileDownloadSession::download_file_with_updater"},"spans":[{"num_files":1,"session_id":"01KNV9EQFS5MADMVYA9Y975CRS","name":"data_client::download"},{"name":"download_file"},{"hash":"789fdf16a3e59f4fbfb6002967ecee539a198dadb5be74ca549aa7dc9b1b55fb","name":"FileDownloadSession::download_file_with_updater"}]}
{"timestamp":"2026-04-10T08:52:04.731411Z","level":"INFO","fields":{"message":"Starting get_reconstruction API call","call_id":1,"file_id":"789fdf16a3e59f4fbfb6002967ecee539a198dadb5be74ca549aa7dc9b1b55fb","bytes_range":"Some(Range { start: 768000000, end: 1024000000 })"},"filename":"D:\\a\\xet-core\\xet-core\\xet_client\\src\\cas_client\\remote_client.rs","line_number":181}
{"timestamp":"2026-04-10T08:52:04.731428Z","level":"INFO","fields":{"message":"Retry strategy","max_attempts":5,"base_delay":"3s","no_retry_on_429":false},"filename":"D:\\a\\xet-core\\xet-core\\xet_client\\src\\cas_client\\retry_wrapper.rs","line_number":217}
{"timestamp":"2026-04-10T08:52:04.731459Z","level":"INFO","fields":{"message":"Token refresh successful for CAS authentication"},"filename":"D:\\a\\xet-core\\xet-core\\xet_client\\src\\cas_client\\http_client.rs","line_number":303}
{"timestamp":"2026-04-10T08:52:04.731503Z","level":"INFO","fields":{"message":"Starting get_reconstruction API call","call_id":2,"file_id":"789fdf16a3e59f4fbfb6002967ecee539a198dadb5be74ca549aa7dc9b1b55fb","bytes_range":"Some(Range { start: 0, end: 256000000 })"},"filename":"D:\\a\\xet-core\\xet-core\\xet_client\\src\\cas_client\\remote_client.rs","line_number":181}
{"timestamp":"2026-04-10T08:52:04.731517Z","level":"INFO","fields":{"message":"Retry strategy","max_attempts":5,"base_delay":"3s","no_retry_on_429":false},"filename":"D:\\a\\xet-core\\xet-core\\xet_client\\src\\cas_client\\retry_wrapper.rs","line_number":217}
{"timestamp":"2026-04-10T08:52:04.731501Z","level":"INFO","fields":{"message":"Starting get_reconstruction API call","call_id":3,"file_id":"789fdf16a3e59f4fbfb6002967ecee539a198dadb5be74ca549aa7dc9b1b55fb","bytes_range":"Some(Range { start: 256000000, end: 768000000 })"},"filename":"D:\\a\\xet-core\\xet-core\\xet_client\\src\\cas_client\\remote_client.rs","line_number":181}
{"timestamp":"2026-04-10T08:52:04.731607Z","level":"INFO","fields":{"message":"Token refresh successful for CAS authentication"},"filename":"D:\\a\\xet-core\\xet-core\\xet_client\\src\\cas_client\\http_client.rs","line_number":303}
{"timestamp":"2026-04-10T08:52:04.731622Z","level":"INFO","fields":{"message":"Retry strategy","max_attempts":5,"base_delay":"3s","no_retry_on_429":false},"filename":"D:\\a\\xet-core\\xet-core\\xet_client\\src\\cas_client\\retry_wrapper.rs","line_number":217}
{"timestamp":"2026-04-10T08:52:04.731822Z","level":"INFO","fields":{"message":"Token refresh successful for CAS authentication"},"filename":"D:\\a\\xet-core\\xet-core\\xet_client\\src\\cas_client\\http_client.rs","line_number":303}
